<testsuites id="" name="" tests="0" failures="0" skipped="0" errors="0" time="4.6197989999999995">
</testsuites>